
> @a5c-ai/compendium@0.1.0 build
> vite build && tsc --emitDeclarationOnly --declaration --declarationDir dist

vite v6.4.2 building for production...
transforming...
✓ 79 modules transformed.
rendering chunks...
computing gzip size...
dist/react.css                     1.35 kB │ gzip:   0.58 kB
dist/Toast.css                    28.36 kB │ gzip:   5.70 kB
dist/tokens.css                   31.62 kB │ gzip:   7.51 kB
dist/icons.js                      0.46 kB │ gzip:   0.28 kB │ map:   0.09 kB
dist/index.js                      1.92 kB │ gzip:   0.93 kB │ map:   0.09 kB
dist/tokens.js                     3.38 kB │ gzip:   1.38 kB │ map:   8.37 kB
dist/SealGatePassed-3b-yt_LX.js   15.25 kB │ gzip:   2.40 kB │ map:  24.43 kB
dist/Toast-BZMOiC3b.js            51.58 kB │ gzip:  11.79 kB │ map: 126.57 kB
dist/react.js                    491.79 kB │ gzip: 119.59 kB │ map:   7.71 kB
dist/react.css                      1.35 kB │ gzip:   0.58 kB
dist/Toast.css                     28.36 kB │ gzip:   5.70 kB
dist/tokens.css                    31.62 kB │ gzip:   7.51 kB
dist/icons.cjs                      0.66 kB │ gzip:   0.31 kB │ map:   0.09 kB
dist/index.cjs                      2.18 kB │ gzip:   0.77 kB │ map:   0.09 kB
dist/tokens.cjs                     2.61 kB │ gzip:   1.37 kB │ map:   7.57 kB
dist/SealGatePassed-D-TE2CGP.cjs   10.63 kB │ gzip:   2.28 kB │ map:  23.00 kB
dist/Toast-BkpdSzP5.cjs            31.77 kB │ gzip:   9.66 kB │ map: 119.13 kB
dist/react.cjs                    492.36 kB │ gzip: 120.22 kB │ map:   7.24 kB
✓ built in 359ms
