
> @a5c-ai/compendium@0.1.0 build
> vite build && tsc --emitDeclarationOnly --declaration --declarationDir dist

vite v6.4.2 building for production...
transforming...
✓ 79 modules transformed.
rendering chunks...
computing gzip size...
dist/react.css                             14.28 kB │ gzip:  3.07 kB
dist/Toast.css                             28.36 kB │ gzip:  5.70 kB
dist/tokens.css                            31.62 kB │ gzip:  7.51 kB
dist/icons.js                               0.52 kB │ gzip:  0.29 kB │ map:   0.09 kB
dist/index.js                               1.98 kB │ gzip:  0.95 kB │ map:   0.09 kB
dist/tokens.js                              3.38 kB │ gzip:  1.38 kB │ map:   8.37 kB
dist/SealGatePassed--s_wRggb.js             7.16 kB │ gzip:  1.37 kB │ map:  12.14 kB
dist/IllustrationQualityGates-C4YkL77g.js   8.22 kB │ gzip:  1.48 kB │ map:  12.44 kB
dist/react.js                              26.97 kB │ gzip:  5.88 kB │ map:  40.57 kB
dist/Toast-BZMOiC3b.js                     51.58 kB │ gzip: 11.79 kB │ map: 126.57 kB
dist/react.css                              14.28 kB │ gzip: 3.07 kB
dist/Toast.css                              28.36 kB │ gzip: 5.70 kB
dist/tokens.css                             31.62 kB │ gzip: 7.51 kB
dist/icons.cjs                               0.71 kB │ gzip: 0.32 kB │ map:   0.09 kB
dist/index.cjs                               2.24 kB │ gzip: 0.79 kB │ map:   0.09 kB
dist/tokens.cjs                              2.61 kB │ gzip: 1.37 kB │ map:   7.57 kB
dist/SealGatePassed-DvneNzO1.cjs             5.04 kB │ gzip: 1.28 kB │ map:  11.35 kB
dist/IllustrationQualityGates-DxfMDpCv.cjs   5.70 kB │ gzip: 1.36 kB │ map:  11.79 kB
dist/react.cjs                              18.24 kB │ gzip: 5.19 kB │ map:  38.31 kB
dist/Toast-BkpdSzP5.cjs                     31.77 kB │ gzip: 9.66 kB │ map: 119.13 kB
✓ built in 390ms
