
> @a5c-ai/compendium@0.1.0 build-storybook
> storybook build

@storybook/core v8.6.18

info => Cleaning outputDir: storybook-static
info => Loading presets
info => Building manager..
info => Manager built ([38;2;181;126;229m121 ms[39m)
info => Building preview..
info Using tsconfig paths for react-docgen
vite v6.4.2 building for production...
transforming...
✓ 208 modules transformed.
rendering chunks...
computing gzip size...
storybook-static/iframe.html                                 17.57 kB │ gzip:   4.97 kB
storybook-static/assets/MockupPreviews-CR-SU3xP.css          14.28 kB │ gzip:   3.07 kB
storybook-static/assets/preview-BA_p1EiC.css                 59.97 kB │ gzip:  12.17 kB
storybook-static/assets/cx-2dOUpm6k.js                        0.07 kB │ gzip:   0.09 kB
storybook-static/assets/_commonjsHelpers-CqkleIqs.js          0.12 kB │ gzip:   0.13 kB
storybook-static/assets/index-DWcjTdiE.js                     0.14 kB │ gzip:   0.13 kB
storybook-static/assets/useCtrl-C6GgPQMb.js                   0.18 kB │ gzip:   0.17 kB
storybook-static/assets/preview-CvbIS5ZJ.js                   0.18 kB │ gzip:   0.16 kB
storybook-static/assets/useKey-CJ4_nGCB.js                    0.24 kB │ gzip:   0.19 kB
storybook-static/assets/Portal-B1D2D9LC.js                    0.34 kB │ gzip:   0.24 kB
storybook-static/assets/index-DzWPSRcT.js                     0.46 kB │ gzip:   0.30 kB
storybook-static/assets/chunk-XP5HYGXS-BHXC9YeQ.js            0.71 kB │ gzip:   0.40 kB
storybook-static/assets/preview-DGUiP6tS.js                   0.71 kB │ gzip:   0.50 kB
storybook-static/assets/jsx-runtime-D_zvdyIk.js               0.73 kB │ gzip:   0.46 kB
storybook-static/assets/index-DrFu-skq.js                     0.77 kB │ gzip:   0.47 kB
storybook-static/assets/usePopoverPos-DK3mPEvV.js             0.80 kB │ gzip:   0.43 kB
storybook-static/assets/react-18-DpBnAbhu.js                  0.84 kB │ gzip:   0.50 kB
storybook-static/assets/preview-Bhb5ojq_.js                   0.95 kB │ gzip:   0.60 kB
storybook-static/assets/preview-B9tJesyw.js                   1.01 kB │ gzip:   0.59 kB
storybook-static/assets/test-utils-iTwIN1Jj.js                1.16 kB │ gzip:   0.72 kB
storybook-static/assets/Tabs-DCENjfyg.js                      1.19 kB │ gzip:   0.60 kB
storybook-static/assets/Input-BSw3mDy-.js                     1.54 kB │ gzip:   0.55 kB
storybook-static/assets/Progress-BTHXhkQV.js                  1.55 kB │ gzip:   0.60 kB
storybook-static/assets/Icon-9jK5zmva.js                      1.78 kB │ gzip:   0.97 kB
storybook-static/assets/Button-DxZSXp1y.js                    2.16 kB │ gzip:   0.65 kB
storybook-static/assets/preview-B2JSQe5u.js                   2.22 kB │ gzip:   1.21 kB
storybook-static/assets/Tag-CY1VxroG.js                       2.37 kB │ gzip:   1.05 kB
storybook-static/assets/Tag.stories-B67eICLh.js               2.63 kB │ gzip:   0.98 kB
storybook-static/assets/Table.stories-Bv0c3xwe.js             3.06 kB │ gzip:   1.20 kB
storybook-static/assets/Tabs.stories-BG_1UMhJ.js              3.50 kB │ gzip:   1.22 kB
storybook-static/assets/preview-DD_OYowb.js                   3.51 kB │ gzip:   1.69 kB
storybook-static/assets/Toast.stories-Ck5jIoci.js             3.70 kB │ gzip:   1.57 kB
storybook-static/assets/ColorPicker.stories-CiAyqLpK.js       3.88 kB │ gzip:   1.51 kB
storybook-static/assets/index-DujEZ9g2.js                     3.89 kB │ gzip:   1.52 kB
storybook-static/assets/Toggle.stories-D_b3GoSu.js            4.02 kB │ gzip:   1.32 kB
storybook-static/assets/Accordion.stories-CLHNxfVq.js         4.07 kB │ gzip:   1.67 kB
storybook-static/assets/Stepper.stories-CP2T8pJB.js           4.22 kB │ gzip:   1.42 kB
storybook-static/assets/Checkbox.stories-DxqYFv6V.js          4.26 kB │ gzip:   1.44 kB
storybook-static/assets/InlineEdit.stories-Bs5UQEaZ.js        4.42 kB │ gzip:   1.65 kB
storybook-static/assets/Tooltip.stories-BcuXWvvW.js           4.66 kB │ gzip:   1.74 kB
storybook-static/assets/Select.stories-XN1fjD5S.js            4.70 kB │ gzip:   1.83 kB
storybook-static/assets/Table-CifkyiAC.js                     4.80 kB │ gzip:   1.95 kB
storybook-static/assets/Radio.stories-DK0qOtNK.js             4.82 kB │ gzip:   1.70 kB
storybook-static/assets/preview-B8lJiyuQ.js                   5.06 kB │ gzip:   1.88 kB
storybook-static/assets/Popover.stories-BTAqirNG.js           5.13 kB │ gzip:   1.70 kB
storybook-static/assets/Button.stories-BMcAvLIo.js            5.38 kB │ gzip:   1.43 kB
storybook-static/assets/SealGatePassed-DIYCO1B3.js            5.47 kB │ gzip:   1.34 kB
storybook-static/assets/CommandPalette.stories-9o6BXwyD.js    5.64 kB │ gzip:   2.24 kB
storybook-static/assets/SplitPane.stories-B3v0g2hG.js         5.85 kB │ gzip:   2.02 kB
storybook-static/assets/Input.stories-tfuUHLkW.js             5.87 kB │ gzip:   1.69 kB
storybook-static/assets/Progress.stories-DZyQSI2n.js          5.94 kB │ gzip:   1.48 kB
storybook-static/assets/DropdownMenu.stories-CmF5CCqb.js      7.41 kB │ gzip:   2.32 kB
storybook-static/assets/preview-BWzBA1C2.js                   7.62 kB │ gzip:   1.56 kB
storybook-static/assets/preview-BBWR9nbA.js                   8.12 kB │ gzip:   3.10 kB
storybook-static/assets/index-CXOcBcs0.js                     8.31 kB │ gzip:   3.29 kB
storybook-static/assets/Slider.stories-CmYV9GsB.js            8.45 kB │ gzip:   2.31 kB
storybook-static/assets/Modal.stories-Duct5J-V.js             9.94 kB │ gzip:   2.37 kB
storybook-static/assets/Nav.stories-iPAufoH2.js              10.39 kB │ gzip:   2.93 kB
storybook-static/assets/Icons.stories-BJm9jsL5.js            11.69 kB │ gzip:   2.66 kB
storybook-static/assets/Tokens.stories-DiVLjUgE.js           16.41 kB │ gzip:   2.96 kB
storybook-static/assets/MockupPreviews.stories-WxAk3tH3.js   21.78 kB │ gzip:   5.96 kB
storybook-static/assets/Color-YHDXOIA2-DWfUgPnN.js           29.41 kB │ gzip:  11.08 kB
storybook-static/assets/matchers-7Z3WT2CE-OIiPHzXs.js        29.81 kB │ gzip:  10.29 kB
storybook-static/assets/entry-preview-B0XHjId5.js            29.85 kB │ gzip:   9.56 kB
storybook-static/assets/index-DgH-xKnr.js                    57.15 kB │ gzip:  16.28 kB
storybook-static/assets/client-D6BS3Ayd.js                  181.00 kB │ gzip:  56.87 kB
storybook-static/assets/iframe-BdynbZhH.js                  217.23 kB │ gzip:  73.07 kB
storybook-static/assets/entry-preview-docs-CRt1HFuI.js      247.12 kB │ gzip:  73.45 kB
storybook-static/assets/axe-NdQ5sM6y.js                     583.97 kB │ gzip: 160.86 kB
storybook-static/assets/index-CH2Su9EI.js                   662.49 kB │ gzip: 157.07 kB
storybook-static/assets/DocsRenderer-CFRXHY34-ClXcA2i0.js   888.20 kB │ gzip: 275.87 kB
✓ built in 5.90s
info => Preview built ([38;2;181;126;229m6.69 s[39m)
info => Output directory: C:\work\compendium\storybook-static
